2019-08-02 22:54:07 [INFO] Starting minecraft server version 1.5.2
2019-08-02 22:54:14 [INFO] Loading properties
2019-08-02 22:54:14 [INFO] Default game type: SURVIVAL
2019-08-02 22:54:14 [INFO] Generating keypair
2019-08-02 22:54:15 [INFO] Starting Minecraft server on *:25565
2019-08-02 22:54:15 [WARNING] **** SERVER IS RUNNING IN OFFLINE/INSECURE MODE!
2019-08-02 22:54:15 [WARNING] The server will make no attempt to authenticate usernames. Beware.
2019-08-02 22:54:15 [WARNING] While this makes the game possible to play without internet access, it also opens up the ability for hackers to connect with any username they choose.
2019-08-02 22:54:15 [WARNING] To change this, set "online-mode" to "true" in the server.properties file.
2019-08-02 22:54:18 [WARNING] Failed to load operators list: java.io.FileNotFoundException: ./ops.txt (No such file or directory)
2019-08-02 22:54:18 [WARNING] Failed to load white-list: java.io.FileNotFoundException: ./white-list.txt (No such file or directory)
2019-08-02 22:54:18 [INFO] Preparing level "world"
2019-08-02 22:54:19 [INFO] Preparing start region for level 0
2019-08-02 22:54:22 [INFO] Preparing spawn area: 4%
2019-08-02 22:54:23 [INFO] Preparing spawn area: 6%
2019-08-02 22:54:24 [INFO] Preparing spawn area: 12%
2019-08-02 22:54:25 [INFO] Preparing spawn area: 18%
2019-08-02 22:54:26 [INFO] Preparing spawn area: 27%
2019-08-02 22:54:27 [INFO] Preparing spawn area: 38%
2019-08-02 22:54:28 [INFO] Preparing spawn area: 46%
2019-08-02 22:54:29 [INFO] Preparing spawn area: 51%
2019-08-02 22:54:30 [INFO] Preparing spawn area: 56%
2019-08-02 22:54:31 [INFO] Preparing spawn area: 62%
2019-08-02 22:54:32 [INFO] Preparing spawn area: 67%
2019-08-02 22:54:33 [INFO] Preparing spawn area: 70%
2019-08-02 22:54:34 [INFO] Preparing spawn area: 74%
2019-08-02 22:54:35 [INFO] Preparing spawn area: 77%
2019-08-02 22:54:36 [INFO] Preparing spawn area: 80%
2019-08-02 22:54:37 [INFO] Preparing spawn area: 83%
2019-08-02 22:54:38 [INFO] Preparing spawn area: 88%
2019-08-02 22:54:39 [INFO] Preparing spawn area: 92%
2019-08-02 22:54:40 [INFO] Preparing spawn area: 96%
2019-08-02 22:54:41 [INFO] Preparing spawn area: 98%
2019-08-02 22:54:41 [INFO] Done (23,229s)! For help, type "help" or "?"
2019-08-02 22:54:42 [INFO] Unknown command. Try /help for a list of commands.
2019-08-02 22:56:25 [INFO] niryxX[/127.0.0.1:49778] logged in with entity id 9245 at (149.5, 64.0, 221.5)
2019-08-02 22:56:37 [INFO] Opped niryxX
2019-08-02 22:57:37 [INFO] Schorn[/25.64.201.106:52115] logged in with entity id 10739 at (146.5, 64.0, 229.5)
2019-08-02 22:58:12 [INFO] [niryxX: Opped Schorn]
2019-08-02 22:59:23 [INFO] Schorn lost connection: disconnect.quitting
2019-08-02 22:59:40 [INFO] Schorn[/25.64.201.106:52606] logged in with entity id 12202 at (142.6205251536366, 63.0, 249.2340498913411)
2019-08-02 23:08:39 [INFO] Schorn was blown up by Creeper
2019-08-02 23:08:52 [INFO] [niryxX: Teleported Schorn to niryxX]
2019-08-02 23:09:05 [INFO] [niryxX: Opped Schorn]
2019-08-02 23:12:57 [INFO] niryxX was slain by Haunted Armor
2019-08-02 23:13:07 [INFO] [niryxX: Teleported niryxX to Schorn]
2019-08-02 23:14:28 [INFO] Schorn lost connection: disconnect.endOfStream
2019-08-02 23:14:28 [WARNING] Can't keep up! Did the system time change, or is the server overloaded?
2019-08-02 23:14:28 [INFO] [niryxX: Set the time to 0]
2019-08-02 23:14:28 [INFO] niryxX lost connection: disconnect.endOfStream
2019-08-02 23:14:38 [INFO] niryxX[/127.0.0.1:51074] logged in with entity id 39727 at (-73.83499928421342, 70.0, 92.79939572938352)
2019-08-02 23:15:00 [INFO] Schorn[/25.64.201.106:52830] logged in with entity id 40244 at (-173.51736550928086, 68.0, 55.10608453371764)
2019-08-02 23:16:12 [WARNING] Can't keep up! Did the system time change, or is the server overloaded?
2019-08-02 23:35:28 [INFO] <niryxX> Gute Nacht
2019-08-03 00:45:37 [WARNING] Can't keep up! Did the system time change, or is the server overloaded?
2019-08-03 01:06:40 [INFO] Schorn died
2019-08-03 01:06:41 [INFO] [niryxX: Teleported Schorn to niryxX]
2019-08-03 01:06:48 [INFO] [niryxX: Teleported Schorn to niryxX]
2019-08-03 01:06:55 [INFO] [niryxX: Teleported Schorn to niryxX]
2019-08-03 01:16:10 [WARNING] niryxX moved wrongly!
2019-08-03 01:21:46 [WARNING] Schorn moved too quickly! 244.0,-5.69840000629425,-59.0 (244.0, 5.69840000629425, 59.0)
2019-08-03 01:23:49 [INFO] Schorn lost connection: disconnect.quitting
2019-08-03 01:24:43 [INFO] [niryxX: Set own game mode to Creative Mode]
2019-08-03 01:30:17 [INFO] [niryxX: Set own game mode to Survival Mode]
2019-08-03 01:30:24 [INFO] [niryxX: Set own game mode to Creative Mode]
2019-08-03 01:37:13 [WARNING] Can't keep up! Did the system time change, or is the server overloaded?
2019-08-03 01:45:19 [INFO] [niryxX: Set own game mode to Adventure Mode]
2019-08-03 01:45:29 [INFO] [niryxX: Set own game mode to Creative Mode]
2019-08-03 01:46:21 [INFO] [niryxX: Set own game mode to Survival Mode]
2019-08-03 01:53:46 [INFO] [niryxX: Set own game mode to Creative Mode]
2019-08-03 01:54:05 [INFO] [niryxX: Set own game mode to Survival Mode]
2019-08-03 01:54:18 [INFO] [niryxX: Set own game mode to Creative Mode]
2019-08-03 01:54:25 [INFO] [niryxX: Set own game mode to Survival Mode]
2019-08-03 01:57:37 [INFO] niryxX lost connection: disconnect.quitting
2019-08-03 01:57:42 [INFO] niryxX[/127.0.0.1:52777] logged in with entity id 246458 at (-96.67324570204771, 64.0, 293.45275657066475)
2019-08-03 02:09:28 [INFO] [niryxX: Set own game mode to Creative Mode]
2019-08-03 02:10:40 [INFO] [niryxX: Set own game mode to Survival Mode]
2019-08-03 02:10:53 [INFO] [niryxX: Set own game mode to Creative Mode]
2019-08-03 02:11:48 [INFO] [niryxX: Set own game mode to Survival Mode]
2019-08-03 02:35:40 [INFO] [niryxX: Set own game mode to Creative Mode]
2019-08-03 02:35:56 [INFO] [niryxX: Set own game mode to Survival Mode]
2019-08-03 02:51:05 [INFO] niryxX lost connection: disconnect.quitting
2019-08-03 02:51:20 [INFO] Stopping the server
2019-08-03 02:51:20 [INFO] Stopping server
2019-08-03 02:51:20 [INFO] Saving players
2019-08-03 02:51:20 [INFO] Closing listening thread
2019-08-03 02:51:20 [INFO] Saving worlds
2019-08-03 02:51:20 [INFO] Saving chunks for level 'world'/Overworld
2019-08-03 02:51:20 [INFO] Saving chunks for level 'world'/Nether
2019-08-03 02:51:20 [INFO] Saving chunks for level 'world'/The End
2019-08-03 02:51:20 [INFO] Saving chunks for level 'world'/Twilight Forest
2019-08-03 02:51:20 [INFO] Saving chunks for level 'world'/Limbo
2019-08-03 02:51:20 [INFO] Stopping server
2019-08-03 03:08:21 [INFO] Starting minecraft server version 1.5.2
2019-08-03 03:08:29 [INFO] Loading properties
2019-08-03 03:08:29 [INFO] Default game type: SURVIVAL
2019-08-03 03:08:29 [INFO] Generating keypair
2019-08-03 03:08:30 [INFO] Starting Minecraft server on *:25565
2019-08-03 03:08:30 [WARNING] **** SERVER IS RUNNING IN OFFLINE/INSECURE MODE!
2019-08-03 03:08:30 [WARNING] The server will make no attempt to authenticate usernames. Beware.
2019-08-03 03:08:30 [WARNING] While this makes the game possible to play without internet access, it also opens up the ability for hackers to connect with any username they choose.
2019-08-03 03:08:30 [WARNING] To change this, set "online-mode" to "true" in the server.properties file.
2019-08-03 03:08:34 [INFO] Preparing level "world"
2019-08-03 03:08:35 [INFO] Preparing start region for level 0
2019-08-03 03:08:36 [INFO] Done (2,312s)! For help, type "help" or "?"
2019-08-03 03:08:53 [INFO] niryxX[/127.0.0.1:53645] logged in with entity id 327 at (-99.33713586170619, 64.0, 292.4639125475736)
2019-08-03 03:31:39 [INFO] [niryxX: Set own game mode to Creative Mode]
2019-08-03 03:32:33 [INFO] [niryxX: Set own game mode to Survival Mode]
2019-08-03 03:32:44 [INFO] niryxX lost connection: disconnect.quitting
2019-08-03 03:32:51 [INFO] Stopping the server
2019-08-03 03:32:51 [INFO] Stopping server
2019-08-03 03:32:51 [INFO] Saving players
2019-08-03 03:32:51 [INFO] Saving worlds
2019-08-03 03:32:51 [INFO] Closing listening thread
2019-08-03 03:32:51 [INFO] Saving chunks for level 'world'/Overworld
2019-08-03 03:32:51 [INFO] Saving chunks for level 'world'/Nether
2019-08-03 03:32:51 [INFO] Saving chunks for level 'world'/The End
2019-08-03 03:32:51 [INFO] Saving chunks for level 'world'/Twilight Forest
2019-08-03 03:32:51 [INFO] Saving chunks for level 'world'/Limbo
2019-08-03 03:32:51 [INFO] Stopping server
2019-08-03 03:40:05 [INFO] Starting minecraft server version 1.5.2
2019-08-03 03:40:11 [INFO] Loading properties
2019-08-03 03:40:11 [INFO] Default game type: SURVIVAL
2019-08-03 03:40:11 [INFO] Generating keypair
2019-08-03 03:40:11 [INFO] Starting Minecraft server on *:25565
2019-08-03 03:40:11 [WARNING] **** SERVER IS RUNNING IN OFFLINE/INSECURE MODE!
2019-08-03 03:40:11 [WARNING] The server will make no attempt to authenticate usernames. Beware.
2019-08-03 03:40:11 [WARNING] While this makes the game possible to play without internet access, it also opens up the ability for hackers to connect with any username they choose.
2019-08-03 03:40:11 [WARNING] To change this, set "online-mode" to "true" in the server.properties file.
2019-08-03 03:40:14 [INFO] Preparing level "world"
2019-08-03 03:40:15 [INFO] Preparing start region for level 0
2019-08-03 03:40:16 [INFO] Done (1,742s)! For help, type "help" or "?"
2019-08-03 03:40:22 [INFO] Stopping the server
2019-08-03 03:40:22 [INFO] Stopping server
2019-08-03 03:40:22 [INFO] Saving players
2019-08-03 03:40:22 [INFO] Saving worlds
2019-08-03 03:40:22 [INFO] Closing listening thread
2019-08-03 03:40:22 [INFO] Saving chunks for level 'world'/Overworld
2019-08-03 03:40:22 [INFO] Saving chunks for level 'world'/Nether
2019-08-03 03:40:22 [INFO] Saving chunks for level 'world'/The End
2019-08-03 03:40:22 [INFO] Saving chunks for level 'world'/Twilight Forest
2019-08-03 03:40:22 [INFO] Saving chunks for level 'world'/Limbo
2019-08-03 03:40:22 [INFO] Stopping server
