[12:10:38] [Server thread/INFO]: Starting minecraft server version 1.12.2
[12:10:38] [Server thread/INFO]: Loading properties
[12:10:38] [Server thread/INFO]: Default game type: SURVIVAL
[12:10:38] [Server thread/INFO]: This server is running Paper version git-Paper-1613 (MC: 1.12.2) (Implementing API version 1.12.2-R0.1-SNAPSHOT)
[12:10:38] [Server thread/INFO]: Debug logging is disabled
[12:10:38] [Server thread/INFO]: Using 4 threads for Netty based IO
[12:10:38] [Server thread/INFO]: Server Ping Player Sample Count: 12
[12:10:38] [Server thread/INFO]: Generating keypair
[12:10:38] [Server thread/INFO]: Starting Minecraft server on *:25565
[12:10:38] [Server thread/INFO]: Using default channel type
[12:10:38] [Server thread/INFO]: Set PluginClassLoader as parallel capable
[12:10:39] [Server thread/INFO]: [WorldEdit] Loading WorldEdit v6.1.9;caf0ad9
[12:10:39] [Server thread/INFO]: [Essentials] Loading Essentials v2.16.1.0
[12:10:39] [Server thread/INFO]: [EssentialsSpawn] Loading EssentialsSpawn v2.16.1.0
[12:10:39] [Server thread/INFO]: [EssentialsGeoIP] Loading EssentialsGeoIP v2.16.1.0
[12:10:39] [Server thread/INFO]: [EssentialsChat] Loading EssentialsChat v2.16.1.0
[12:10:39] [Server thread/INFO]: [Multiverse-Core] Loading Multiverse-Core v2.5.0-b727
[12:10:39] [Server thread/INFO]: [EssentialsAntiBuild] Loading EssentialsAntiBuild v2.16.1.0
[12:10:39] [Server thread/INFO]: [Multiverse-Portals] Loading Multiverse-Portals v2.5.0-b751
[12:10:39] [Server thread/INFO]: [EssentialsProtect] Loading EssentialsProtect v2.16.1.0
[12:10:39] [Server thread/INFO]: Server permissions file permissions.yml is empty, ignoring it
[12:10:39] [Server thread/WARN]: **** SERVER IS RUNNING IN OFFLINE/INSECURE MODE!
[12:10:39] [Server thread/WARN]: The server will make no attempt to authenticate usernames. Beware.
[12:10:39] [Server thread/WARN]: While this makes the game possible to play without internet access, it also opens up the ability for hackers to connect with any username they choose.
[12:10:39] [Server thread/WARN]: To change this, set "online-mode" to "true" in the server.properties file.
[12:10:39] [Server thread/INFO]: **** Beginning UUID conversion, this may take A LONG time ****
[12:10:39] [Server thread/INFO]: Preparing level "world"
[12:10:39] [Server thread/INFO]: -------- World Settings For [world] --------
[12:10:39] [Server thread/INFO]: View Distance: 10
[12:10:39] [Server thread/INFO]: Zombie Aggressive Towards Villager: true
[12:10:39] [Server thread/INFO]: Nerfing mobs spawned from spawners: false
[12:10:39] [Server thread/INFO]: Item Despawn Rate: 6000
[12:10:39] [Server thread/INFO]: Item Merge Radius: 2.5
[12:10:39] [Server thread/INFO]: Arrow Despawn Rate: 1200
[12:10:39] [Server thread/INFO]: Allow Zombie Pigmen to spawn from portal blocks: true
[12:10:39] [Server thread/INFO]: Experience Merge Radius: 3.0
[12:10:39] [Server thread/INFO]: Mob Spawn Range: 4
[12:10:39] [Server thread/INFO]: Cactus Growth Modifier: 100%
[12:10:39] [Server thread/INFO]: Cane Growth Modifier: 100%
[12:10:39] [Server thread/INFO]: Melon Growth Modifier: 100%
[12:10:39] [Server thread/INFO]: Mushroom Growth Modifier: 100%
[12:10:39] [Server thread/INFO]: Pumpkin Growth Modifier: 100%
[12:10:39] [Server thread/INFO]: Sapling Growth Modifier: 100%
[12:10:39] [Server thread/INFO]: Wheat Growth Modifier: 100%
[12:10:39] [Server thread/INFO]: NetherWart Growth Modifier: 100%
[12:10:39] [Server thread/INFO]: Vine Growth Modifier: 100%
[12:10:39] [Server thread/INFO]: Cocoa Growth Modifier: 100%
[12:10:39] [Server thread/INFO]: Entity Activation Range: An 32 / Mo 32 / Mi 16 / Tiv true
[12:10:39] [Server thread/INFO]: Entity Tracking Range: Pl 48 / An 48 / Mo 48 / Mi 32 / Other 64
[12:10:39] [Server thread/INFO]: Hopper Transfer: 8 Hopper Check: 1 Hopper Amount: 1
[12:10:39] [Server thread/INFO]: Random Lighting Updates: false
[12:10:39] [Server thread/INFO]: Structure Info Saving: true
[12:10:39] [Server thread/INFO]: Custom Map Seeds:  Village: 10387312 Feature: 14357617 Monument: 10387313 Slime: 987234911
[12:10:39] [Server thread/INFO]: Max TNT Explosions: 100
[12:10:39] [Server thread/INFO]: Tile Max Tick Time: 50ms Entity max Tick Time: 50ms
[12:10:39] [Server thread/INFO]: -------- World Settings For [world_nether] --------
[12:10:39] [Server thread/INFO]: View Distance: 10
[12:10:39] [Server thread/INFO]: Zombie Aggressive Towards Villager: true
[12:10:39] [Server thread/INFO]: Nerfing mobs spawned from spawners: false
[12:10:39] [Server thread/INFO]: Item Despawn Rate: 6000
[12:10:39] [Server thread/INFO]: Item Merge Radius: 2.5
[12:10:39] [Server thread/INFO]: Arrow Despawn Rate: 1200
[12:10:39] [Server thread/INFO]: Allow Zombie Pigmen to spawn from portal blocks: true
[12:10:39] [Server thread/INFO]: Experience Merge Radius: 3.0
[12:10:39] [Server thread/INFO]: Mob Spawn Range: 4
[12:10:39] [Server thread/INFO]: Cactus Growth Modifier: 100%
[12:10:39] [Server thread/INFO]: Cane Growth Modifier: 100%
[12:10:39] [Server thread/INFO]: Melon Growth Modifier: 100%
[12:10:39] [Server thread/INFO]: Mushroom Growth Modifier: 100%
[12:10:39] [Server thread/INFO]: Pumpkin Growth Modifier: 100%
[12:10:39] [Server thread/INFO]: Sapling Growth Modifier: 100%
[12:10:39] [Server thread/INFO]: Wheat Growth Modifier: 100%
[12:10:39] [Server thread/INFO]: NetherWart Growth Modifier: 100%
[12:10:39] [Server thread/INFO]: Vine Growth Modifier: 100%
[12:10:39] [Server thread/INFO]: Cocoa Growth Modifier: 100%
[12:10:39] [Server thread/INFO]: Entity Activation Range: An 32 / Mo 32 / Mi 16 / Tiv true
[12:10:39] [Server thread/INFO]: Entity Tracking Range: Pl 48 / An 48 / Mo 48 / Mi 32 / Other 64
[12:10:39] [Server thread/INFO]: Hopper Transfer: 8 Hopper Check: 1 Hopper Amount: 1
[12:10:39] [Server thread/INFO]: Random Lighting Updates: false
[12:10:39] [Server thread/INFO]: Structure Info Saving: true
[12:10:39] [Server thread/INFO]: Custom Map Seeds:  Village: 10387312 Feature: 14357617 Monument: 10387313 Slime: 987234911
[12:10:39] [Server thread/INFO]: Max TNT Explosions: 100
[12:10:39] [Server thread/INFO]: Tile Max Tick Time: 50ms Entity max Tick Time: 50ms
[12:10:39] [Server thread/INFO]: -------- World Settings For [world_the_end] --------
[12:10:39] [Server thread/INFO]: View Distance: 10
[12:10:39] [Server thread/INFO]: Zombie Aggressive Towards Villager: true
[12:10:39] [Server thread/INFO]: Nerfing mobs spawned from spawners: false
[12:10:39] [Server thread/INFO]: Item Despawn Rate: 6000
[12:10:39] [Server thread/INFO]: Item Merge Radius: 2.5
[12:10:39] [Server thread/INFO]: Arrow Despawn Rate: 1200
[12:10:39] [Server thread/INFO]: Allow Zombie Pigmen to spawn from portal blocks: true
[12:10:39] [Server thread/INFO]: Experience Merge Radius: 3.0
[12:10:39] [Server thread/INFO]: Mob Spawn Range: 4
[12:10:39] [Server thread/INFO]: Cactus Growth Modifier: 100%
[12:10:39] [Server thread/INFO]: Cane Growth Modifier: 100%
[12:10:39] [Server thread/INFO]: Melon Growth Modifier: 100%
[12:10:39] [Server thread/INFO]: Mushroom Growth Modifier: 100%
[12:10:39] [Server thread/INFO]: Pumpkin Growth Modifier: 100%
[12:10:39] [Server thread/INFO]: Sapling Growth Modifier: 100%
[12:10:39] [Server thread/INFO]: Wheat Growth Modifier: 100%
[12:10:39] [Server thread/INFO]: NetherWart Growth Modifier: 100%
[12:10:39] [Server thread/INFO]: Vine Growth Modifier: 100%
[12:10:39] [Server thread/INFO]: Cocoa Growth Modifier: 100%
[12:10:39] [Server thread/INFO]: Entity Activation Range: An 32 / Mo 32 / Mi 16 / Tiv true
[12:10:39] [Server thread/INFO]: Entity Tracking Range: Pl 48 / An 48 / Mo 48 / Mi 32 / Other 64
[12:10:39] [Server thread/INFO]: Hopper Transfer: 8 Hopper Check: 1 Hopper Amount: 1
[12:10:39] [Server thread/INFO]: Random Lighting Updates: false
[12:10:39] [Server thread/INFO]: Structure Info Saving: true
[12:10:39] [Server thread/INFO]: Custom Map Seeds:  Village: 10387312 Feature: 14357617 Monument: 10387313 Slime: 987234911
[12:10:39] [Server thread/INFO]: Max TNT Explosions: 100
[12:10:39] [Server thread/INFO]: Tile Max Tick Time: 50ms Entity max Tick Time: 50ms
[12:10:39] [Server thread/INFO]: Preparing start region for level 0 (Seed: 6929828761505293007)
[12:10:40] [Server thread/INFO]: Preparing spawn area: 45%
[12:10:40] [Server thread/INFO]: Preparing start region for level 1 (Seed: 6929828761505293007)
[12:10:40] [Server thread/INFO]: Preparing start region for level 2 (Seed: 6929828761505293007)
[12:10:41] [Server thread/INFO]: [WorldEdit] Enabling WorldEdit v6.1.9;caf0ad9
[12:10:41] [Server thread/INFO]: WEPIF: Using the Bukkit Permissions API.
[12:10:41] [Server thread/INFO]: [WorldEdit] Using com.sk89q.worldedit.bukkit.adapter.impl.Spigot_v1_12_R2 as the Bukkit adapter
[12:10:41] [Server thread/INFO]: [Essentials] Enabling Essentials v2.16.1.0
[12:10:41] [Server thread/INFO]: [Essentials] Attempting to convert old kits in config.yml to new kits.yml
[12:10:41] [Server thread/INFO]: [Essentials] No kits found to migrate.
[12:10:41] [Server thread/INFO]: [Essentials] Using legacy item data provider as mob spawner provider.
[12:10:41] [Server thread/INFO]: [Essentials] Using Reflection based provider as spawn egg provider.
[12:10:41] [Server thread/INFO]: [Essentials] Using 1.9+ BasePotionData provider as potion meta provider.
[12:10:41] [Server thread/INFO]: [Essentials] Loaded 852 items from items.csv.
[12:10:41] [Server thread/INFO]: [Essentials] Using locale de_DE
[12:10:41] [Server thread/INFO]: [Essentials] ServerListPingEvent: Spigot iterator API
[12:10:41] [Server thread/INFO]: [Essentials] Starting Metrics. Opt-out using the global bStats config.
[12:10:41] [Server thread/INFO]: [Essentials] Using superperms-based permissions.
[12:10:41] [Server thread/INFO]: [EssentialsSpawn] Enabling EssentialsSpawn v2.16.1.0
[12:10:41] [Server thread/INFO]: [EssentialsGeoIP] Enabling EssentialsGeoIP v2.16.1.0
[12:10:41] [Server thread/WARN]: [com.fasterxml.jackson.databind.ext.Java7Support] Unable to load JDK7 types (annotations, java.nio.file.Path): no Java7 support added
[12:10:41] [Server thread/INFO]: [EssentialsGeoIP] This product includes GeoLite2 data created by MaxMind, available from http://www.maxmind.com/.
[12:10:41] [Server thread/INFO]: [EssentialsChat] Enabling EssentialsChat v2.16.1.0
[12:10:41] [Server thread/INFO]: [Multiverse-Core] Enabling Multiverse-Core v2.5.0-b727
[12:10:41] [Server thread/INFO]: [Multiverse-Core] 3 - World(s) loaded.
[12:10:42] [Server thread/INFO]: [Multiverse-Core] Version 2.5.0-b727 (API v20) Enabled - By Rigby, fernferret, lithium3141, main-- and dumptruckman
[12:10:42] [Server thread/INFO]: [EssentialsAntiBuild] Enabling EssentialsAntiBuild v2.16.1.0
[12:10:42] [Server thread/INFO]: [Multiverse-Portals] Enabling Multiverse-Portals v2.5.0-b751
[12:10:42] [Server thread/INFO]: [Multiverse-Portals] - Version 2.5.0-b751 Enabled - By Rigby and fernferret
[12:10:42] [Server thread/INFO]: [MVPLogging] 0 - Portals(s) loaded
[12:10:42] [Server thread/INFO]: [Multiverse-Portals] Found WorldEdit. Using it for selections.
[12:10:42] [Server thread/INFO]: [EssentialsProtect] Enabling EssentialsProtect v2.16.1.0
[12:10:42] [Server thread/INFO]: [EssentialsProtect] Continuing to enable Protect.
[12:10:42] [Server thread/INFO]: Done (3,092s)! For help, type "help" or "?"
[12:10:42] [Server thread/INFO]: Timings Reset
[12:50:47] [User Authenticator #1/INFO]: UUID of player Benne is 6828bcc7-2de8-3e5b-aacb-98252c903c34
[12:50:47] [Server thread/INFO]: Benne[/25.81.239.240:51625] logged in with entity id 107 at ([world]-733.3307687734622, 74.0, 176.78758748164182)
[12:53:08] [Server thread/INFO]: Benne lost connection: Disconnected
[12:53:08] [Server thread/INFO]: Benne left the game
[12:58:08] [User Authenticator #2/INFO]: UUID of player Schorn is f5997a69-56e3-3648-8abd-a1ed9cb7dbff
[12:58:08] [Server thread/INFO]: Schorn[/25.64.201.106:55071] logged in with entity id 941 at ([world]-702.3723955415122, 73.0, 185.3269556403033)
[13:05:12] [Server thread/INFO]: Schorn lost connection: Internal Exception: java.io.IOException: Connection reset by peer
[13:05:12] [Server thread/INFO]: Schorn left the game
[13:14:46] [Server thread/INFO]: Stopping the server
[13:14:46] [Server thread/INFO]: Stopping server
[13:14:46] [Server thread/INFO]: [EssentialsProtect] Disabling EssentialsProtect v2.16.1.0
[13:14:46] [Server thread/INFO]: [Multiverse-Portals] Disabling Multiverse-Portals v2.5.0-b751
[13:14:46] [Server thread/INFO]: [EssentialsAntiBuild] Disabling EssentialsAntiBuild v2.16.1.0
[13:14:46] [Server thread/INFO]: [Multiverse-Core] Disabling Multiverse-Core v2.5.0-b727
[13:14:46] [Server thread/INFO]: [EssentialsChat] Disabling EssentialsChat v2.16.1.0
[13:14:46] [Server thread/INFO]: [EssentialsGeoIP] Disabling EssentialsGeoIP v2.16.1.0
[13:14:46] [Server thread/INFO]: [EssentialsSpawn] Disabling EssentialsSpawn v2.16.1.0
[13:14:46] [Server thread/INFO]: [Essentials] Disabling Essentials v2.16.1.0
[13:14:46] [Server thread/INFO]: [WorldEdit] Disabling WorldEdit v6.1.9;caf0ad9
[13:14:46] [Server thread/INFO]: Saving players
[13:14:47] [Server thread/INFO]: Saving worlds
[13:14:47] [Server thread/INFO]: Saving chunks for level 'world'/overworld
[13:14:47] [Server thread/INFO]: Saving chunks for level 'world_nether'/the_nether
[13:14:47] [Server thread/INFO]: Saving chunks for level 'world_the_end'/the_end
